[17:36:01] [main/WARN]: Ambiguity between arguments [teleport, destination] and [teleport, targets] with inputs: [Player, 0123, @e, dd12be42-52a9-4a91-a8a1-11c01849e498]
[17:36:01] [main/WARN]: Ambiguity between arguments [teleport, location] and [teleport, destination] with inputs: [0.1 -0.5 .9, 0 0 0]
[17:36:01] [main/WARN]: Ambiguity between arguments [teleport, location] and [teleport, targets] with inputs: [0.1 -0.5 .9, 0 0 0]
[17:36:01] [main/WARN]: Ambiguity between arguments [teleport, targets] and [teleport, destination] with inputs: [Player, 0123, dd12be42-52a9-4a91-a8a1-11c01849e498]
[17:36:01] [main/WARN]: Ambiguity between arguments [teleport, targets, location] and [teleport, targets, destination] with inputs: [0.1 -0.5 .9, 0 0 0]
[17:36:01] [Server thread/INFO]: Starting minecraft server version 1.15.2
[17:36:01] [Server thread/INFO]: Loading properties
[17:36:01] [Server thread/INFO]: Default game type: SURVIVAL
[17:36:01] [Server thread/INFO]: Generating keypair
[17:36:01] [Server console handler/ERROR]: Exception handling console input
java.io.IOException: The handle is invalid
	at java.io.FileInputStream.readBytes(Native Method) ~[?:1.8.0_241]
	at java.io.FileInputStream.read(Unknown Source) ~[?:1.8.0_241]
	at java.io.BufferedInputStream.read1(Unknown Source) ~[?:1.8.0_241]
	at java.io.BufferedInputStream.read(Unknown Source) ~[?:1.8.0_241]
	at sun.nio.cs.StreamDecoder.readBytes(Unknown Source) ~[?:1.8.0_241]
	at sun.nio.cs.StreamDecoder.implRead(Unknown Source) ~[?:1.8.0_241]
	at sun.nio.cs.StreamDecoder.read(Unknown Source) ~[?:1.8.0_241]
	at java.io.InputStreamReader.read(Unknown Source) ~[?:1.8.0_241]
	at java.io.BufferedReader.fill(Unknown Source) ~[?:1.8.0_241]
	at java.io.BufferedReader.readLine(Unknown Source) ~[?:1.8.0_241]
	at java.io.BufferedReader.readLine(Unknown Source) ~[?:1.8.0_241]
	at wd$2.run(SourceFile:110) [minecraft2020.jar:?]
[17:36:02] [Server thread/INFO]: Starting Minecraft server on *:25565
[17:36:02] [Server thread/INFO]: Using default channel type
[17:36:04] [Server thread/INFO]: Preparing level "world"
[17:36:04] [Server thread/INFO]: Reloading ResourceManager: Default
[17:36:04] [Server thread/INFO]: Loaded 6 recipes
[17:36:05] [Server thread/INFO]: Loaded 825 advancements
[17:36:05] [Server thread/INFO]: Preparing start region for dimension minecraft:overworld
[17:36:06] [Server thread/INFO]: Preparing spawn area: 0%
[17:36:06] [Server thread/INFO]: Preparing spawn area: 0%
[17:36:06] [Server thread/INFO]: Preparing spawn area: 0%
[17:36:07] [Server thread/INFO]: Preparing spawn area: 0%
[17:36:07] [Server thread/INFO]: Preparing spawn area: 68%
[17:36:07] [Server thread/INFO]: Time elapsed: 2128 ms
[17:36:07] [Server thread/INFO]: Done (3.745s)! For help, type "help"
[17:38:03] [User Authenticator #1/INFO]: UUID of player rmeredith is cdf6a914-4200-4773-8a53-94d0f1b6a10e
[17:38:03] [Server thread/INFO]: rmeredith[/67.242.119.193:61115] logged in with entity id 144 at (3.932245474505188, 64.0, -59.82351447349029)
[17:38:03] [Server thread/INFO]: rmeredith joined the game
[17:39:04] [User Authenticator #2/INFO]: UUID of player ruvane3 is 43c064c5-f34c-42f4-97a8-5b9992e2e405
[17:39:04] [Server thread/INFO]: ruvane3[/73.203.118.151:50908] logged in with entity id 473 at (-25.90987915150076, 69.0, -73.12732383780707)
[17:39:04] [Server thread/INFO]: ruvane3 joined the game
[17:39:41] [User Authenticator #3/INFO]: UUID of player Enigma_Sage is cde4f279-629f-41b9-952c-2db89438c47e
[17:39:41] [Server thread/INFO]: Enigma_Sage[/73.203.118.151:53142] logged in with entity id 557 at (4.506378053364546, 64.0, -58.95560779990606)
[17:39:41] [Server thread/INFO]: Enigma_Sage joined the game
[17:43:27] [Server thread/INFO]: rmeredith was blown up by Creeper
[17:50:59] [Server thread/INFO]: ruvane3 lost connection: Disconnected
[17:50:59] [Server thread/INFO]: ruvane3 left the game
[17:51:28] [User Authenticator #4/INFO]: UUID of player ruvane3 is 43c064c5-f34c-42f4-97a8-5b9992e2e405
[17:51:28] [Server thread/INFO]: ruvane3[/73.203.118.151:51044] logged in with entity id 1917 at (-19.98085473287887, 33.0, -5.699999988079088)
[17:51:28] [Server thread/INFO]: ruvane3 joined the game
[17:58:55] [Server thread/WARN]: rmeredith moved too quickly! -0.05156543681448511,0.0,-10.14340581765245
[18:02:04] [Server thread/INFO]: ruvane3 lost connection: Disconnected
[18:02:04] [Server thread/INFO]: ruvane3 left the game
[18:02:05] [Server thread/INFO]: <Enigma_Sage> go2slp
[18:02:07] [Server thread/INFO]: rmeredith lost connection: Disconnected
[18:02:07] [Server thread/INFO]: rmeredith left the game
[18:02:12] [User Authenticator #5/INFO]: UUID of player rmeredith is cdf6a914-4200-4773-8a53-94d0f1b6a10e
[18:02:12] [Server thread/INFO]: rmeredith[/67.242.119.193:61175] logged in with entity id 4007 at (-129.66880716107732, 11.0, -113.78395016093813)
[18:02:12] [Server thread/INFO]: rmeredith joined the game
[18:02:13] [User Authenticator #6/INFO]: UUID of player ruvane3 is 43c064c5-f34c-42f4-97a8-5b9992e2e405
[18:02:13] [Server thread/INFO]: ruvane3[/73.203.118.151:51126] logged in with entity id 4037 at (-22.29617237027702, 29.0, -2.276640735524042)
[18:02:13] [Server thread/INFO]: ruvane3 joined the game
[18:04:57] [Server thread/WARN]: rmeredith moved too quickly! -8.907678210983798,0.2468000194787976,-4.60513340558262
[18:06:11] [Server thread/INFO]: Enigma_Sage has made the advancement [Take Aim]
[18:10:58] [Server thread/WARN]: rmeredith moved too quickly! 3.7717779804120894,-2.0,9.21890114008771
[18:12:38] [Server thread/INFO]: ruvane3 lost connection: Disconnected
[18:12:38] [Server thread/INFO]: ruvane3 left the game
[18:12:41] [Server thread/INFO]: rmeredith lost connection: Disconnected
[18:12:41] [Server thread/INFO]: rmeredith left the game
[18:12:47] [User Authenticator #7/INFO]: UUID of player ruvane3 is 43c064c5-f34c-42f4-97a8-5b9992e2e405
[18:12:47] [Server thread/INFO]: ruvane3[/73.203.118.151:51200] logged in with entity id 5139 at (-9.524458964383031, 30.875, 0.5321043793532655)
[18:12:47] [Server thread/INFO]: ruvane3 joined the game
[18:12:49] [User Authenticator #8/INFO]: UUID of player rmeredith is cdf6a914-4200-4773-8a53-94d0f1b6a10e
[18:12:49] [Server thread/INFO]: rmeredith[/67.242.119.193:61204] logged in with entity id 5164 at (-20.17895242773027, 69.0, -70.28964116620207)
[18:12:49] [Server thread/INFO]: rmeredith joined the game
[18:13:38] [Server thread/WARN]: rmeredith moved too quickly! 0.019669480072948886,-11.026982712340207,0.0
[18:13:39] [Server thread/WARN]: rmeredith moved too quickly! 0.0,-11.19886200217773,0.0
[18:23:26] [Server thread/WARN]: rmeredith moved too quickly! 0.0,10.115000126659854,0.0
[18:25:01] [Server thread/INFO]: Enigma_Sage lost connection: Disconnected
[18:25:01] [Server thread/INFO]: Enigma_Sage left the game
[18:25:12] [User Authenticator #9/INFO]: UUID of player Enigma_Sage is cde4f279-629f-41b9-952c-2db89438c47e
[18:25:12] [Server thread/INFO]: Enigma_Sage[/73.203.118.151:53522] logged in with entity id 7472 at (-11.699999988079071, 25.0, -8.201116097285402)
[18:25:12] [Server thread/INFO]: Enigma_Sage joined the game
[18:25:30] [Server thread/INFO]: rmeredith has made the advancement [We Need to Go Deeper]
[18:30:21] [Server thread/WARN]: rmeredith moved too quickly! 0.0,-12.924399078630541,0.0
[18:35:04] [Server thread/WARN]: rmeredith moved too quickly! 0.0,10.115000126659854,0.0
[18:35:42] [Server thread/INFO]: ruvane3 lost connection: Disconnected
[18:35:42] [Server thread/INFO]: ruvane3 left the game
[18:36:16] [User Authenticator #10/INFO]: UUID of player ruvane3 is 43c064c5-f34c-42f4-97a8-5b9992e2e405
[18:36:16] [Server thread/INFO]: ruvane3[/73.203.118.151:51391] logged in with entity id 8884 at (-20.598475678004423, 39.0, 2.031952899920792)
[18:36:16] [Server thread/INFO]: ruvane3 joined the game
[18:41:12] [Server thread/INFO]: Enigma_Sage lost connection: Disconnected
[18:41:12] [Server thread/INFO]: Enigma_Sage left the game
[18:47:49] [Server thread/INFO]: ruvane3 lost connection: Disconnected
[18:47:49] [Server thread/INFO]: ruvane3 left the game
[18:48:53] [User Authenticator #11/INFO]: UUID of player ruvane3 is 43c064c5-f34c-42f4-97a8-5b9992e2e405
[18:48:53] [Server thread/INFO]: ruvane3[/73.203.118.151:62779] logged in with entity id 10923 at (-20.073367369299316, 39.0, 2.7731649358768995)
[18:48:53] [Server thread/INFO]: ruvane3 joined the game
[18:49:32] [User Authenticator #12/INFO]: UUID of player Enigma_Sage is cde4f279-629f-41b9-952c-2db89438c47e
[18:49:32] [Server thread/INFO]: Enigma_Sage[/73.203.118.151:53823] logged in with entity id 11029 at (-20.75640885555358, 69.0, -72.5546694643827)
[18:49:32] [Server thread/INFO]: Enigma_Sage joined the game
[18:53:49] [Server thread/INFO]: ruvane3 was slain by Cave Spider
[18:53:54] [Server thread/WARN]: ruvane3 moved wrongly!
[18:54:20] [Server thread/WARN]: Fetching packet for removed entity awb['Gravel'/11495, l='world', x=-11.34, y=27.88, z=-0.83]
[18:54:23] [Server thread/INFO]: Enigma_Sage has made the advancement [Voluntary Exile]
[18:57:11] [Server thread/INFO]: ruvane3 hit the ground too hard whilst trying to escape Cave Spider
[18:58:45] [Server thread/INFO]: ruvane3 lost connection: Disconnected
[18:58:45] [Server thread/INFO]: ruvane3 left the game
[18:59:00] [User Authenticator #13/INFO]: UUID of player ruvane3 is 43c064c5-f34c-42f4-97a8-5b9992e2e405
[18:59:00] [Server thread/INFO]: ruvane3[/73.203.118.151:51574] logged in with entity id 12116 at (-23.52165355819208, 30.0, 2.9056200050063223)
[18:59:00] [Server thread/INFO]: ruvane3 joined the game
[18:59:08] [Server thread/WARN]: rmeredith moved too quickly! -7.371505978075626,-7.078400001525878,0.040647683226737286
[19:06:00] [Server thread/WARN]: Enigma_Sage moved wrongly!
[19:09:43] [Server thread/INFO]: ruvane3 lost connection: Disconnected
[19:09:43] [Server thread/INFO]: ruvane3 left the game
[19:09:46] [Server thread/INFO]: <Enigma_Sage> sleeptime
[19:09:46] [Server thread/INFO]: rmeredith lost connection: Disconnected
[19:09:46] [Server thread/INFO]: rmeredith left the game
[19:09:51] [User Authenticator #14/INFO]: UUID of player ruvane3 is 43c064c5-f34c-42f4-97a8-5b9992e2e405
[19:09:51] [Server thread/INFO]: ruvane3[/73.203.118.151:51650] logged in with entity id 14595 at (-18.4467117700333, 31.0, 6.363480278124079)
[19:09:51] [Server thread/INFO]: ruvane3 joined the game
[19:09:54] [Server thread/INFO]: com.mojang.authlib.GameProfile@3188358b[id=<null>,name=rmeredith,properties={},legacy=false] (/67.242.119.193:61319) lost connection: Disconnected
[19:10:02] [Server thread/INFO]: com.mojang.authlib.GameProfile@199ad176[id=<null>,name=rmeredith,properties={},legacy=false] (/67.242.119.193:61321) lost connection: Disconnected
[19:10:11] [Server thread/INFO]: com.mojang.authlib.GameProfile@460aca47[id=<null>,name=rmeredith,properties={},legacy=false] (/67.242.119.193:61323) lost connection: Disconnected
[19:10:20] [Server thread/INFO]: com.mojang.authlib.GameProfile@46697994[id=<null>,name=rmeredith,properties={},legacy=false] (/67.242.119.193:61325) lost connection: Disconnected
[19:12:13] [User Authenticator #15/INFO]: UUID of player rmeredith is cdf6a914-4200-4773-8a53-94d0f1b6a10e
[19:12:13] [Server thread/INFO]: rmeredith[/67.242.119.193:61391] logged in with entity id 14837 at (-200.69999998807907, 11.0, -116.51180107747265)
[19:12:13] [Server thread/INFO]: rmeredith joined the game
[19:17:07] [Server thread/WARN]: rmeredith moved too quickly! -10.1019003563772,0.0,-0.03561660831479685
[19:18:21] [Server thread/WARN]: Boat moved wrongly!
[19:18:21] [Server thread/WARN]: Boat moved wrongly!
[19:18:21] [Server thread/WARN]: Boat moved wrongly!
[19:18:21] [Server thread/WARN]: Boat moved wrongly!
[19:18:21] [Server thread/WARN]: Boat moved wrongly!
[19:18:21] [Server thread/WARN]: Boat moved wrongly!
[19:18:21] [Server thread/WARN]: Boat moved wrongly!
[19:18:21] [Server thread/WARN]: Boat moved wrongly!
[19:20:23] [Server thread/INFO]: rmeredith lost connection: Disconnected
[19:20:23] [Server thread/INFO]: rmeredith left the game
[19:20:31] [Server thread/INFO]: ruvane3 lost connection: Disconnected
[19:20:31] [Server thread/INFO]: ruvane3 left the game
[19:20:36] [User Authenticator #16/INFO]: UUID of player ruvane3 is 43c064c5-f34c-42f4-97a8-5b9992e2e405
[19:20:36] [Server thread/INFO]: ruvane3[/73.203.118.151:51742] logged in with entity id 16368 at (-26.477507803161636, 32.0, 2.881302918083632)
[19:20:36] [Server thread/INFO]: ruvane3 joined the game
[19:20:38] [User Authenticator #17/INFO]: UUID of player rmeredith is cdf6a914-4200-4773-8a53-94d0f1b6a10e
[19:20:38] [Server thread/INFO]: rmeredith[/67.242.119.193:61406] logged in with entity id 16393 at (-200.05213312656696, 11.0, -139.23300526806733)
[19:20:38] [Server thread/INFO]: rmeredith joined the game
[19:31:17] [Server thread/INFO]: <Enigma_Sage> slp
[19:31:20] [Server thread/INFO]: ruvane3 lost connection: Disconnected
[19:31:20] [Server thread/INFO]: ruvane3 left the game
[19:31:27] [User Authenticator #18/INFO]: UUID of player ruvane3 is 43c064c5-f34c-42f4-97a8-5b9992e2e405
[19:31:27] [Server thread/INFO]: ruvane3[/73.203.118.151:51861] logged in with entity id 18431 at (-19.30000001192093, 26.0, 3.117092939361017)
[19:31:27] [Server thread/INFO]: ruvane3 joined the game
[19:41:25] [Server thread/INFO]: rmeredith lost connection: Timed out
[19:41:25] [Server thread/INFO]: rmeredith left the game
[19:41:25] [Server thread/WARN]: handleDisconnection() called twice
[19:42:15] [Server thread/INFO]: <Enigma_Sage> sleep
[19:42:18] [Server thread/INFO]: ruvane3 lost connection: Disconnected
[19:42:18] [Server thread/INFO]: ruvane3 left the game
[19:42:41] [User Authenticator #19/INFO]: UUID of player ruvane3 is 43c064c5-f34c-42f4-97a8-5b9992e2e405
[19:42:41] [Server thread/INFO]: ruvane3[/73.203.118.151:51943] logged in with entity id 20315 at (-24.675203386643023, 29.0, -0.7522644927994937)
[19:42:41] [Server thread/INFO]: ruvane3 joined the game
[19:53:22] [Server thread/INFO]: ruvane3 lost connection: Disconnected
[19:53:22] [Server thread/INFO]: ruvane3 left the game
[19:53:47] [User Authenticator #20/INFO]: UUID of player ruvane3 is 43c064c5-f34c-42f4-97a8-5b9992e2e405
[19:53:48] [Server thread/INFO]: ruvane3[/73.203.118.151:52025] logged in with entity id 21768 at (-9.572137582931148, 31.0, -0.05136806929296804)
[19:53:48] [Server thread/INFO]: ruvane3 joined the game
[20:04:28] [Server thread/INFO]: ruvane3 lost connection: Disconnected
[20:04:28] [Server thread/INFO]: ruvane3 left the game
[20:04:42] [Server thread/INFO]: Enigma_Sage lost connection: Disconnected
[20:04:42] [Server thread/INFO]: Enigma_Sage left the game
[20:04:42] [User Authenticator #21/INFO]: UUID of player ruvane3 is 43c064c5-f34c-42f4-97a8-5b9992e2e405
[20:04:42] [Server thread/INFO]: ruvane3[/73.203.118.151:52113] logged in with entity id 23316 at (-15.10485288002512, 32.0, -5.699999988079069)
[20:04:42] [Server thread/INFO]: ruvane3 joined the game
[20:07:06] [User Authenticator #22/INFO]: UUID of player Enigma_Sage is cde4f279-629f-41b9-952c-2db89438c47e
[20:07:07] [Server thread/INFO]: Enigma_Sage[/73.203.118.151:54380] logged in with entity id 23562 at (3.776827380581632, 64.0, -59.68876435013249)
[20:07:07] [Server thread/INFO]: Enigma_Sage joined the game
[20:07:53] [Server thread/INFO]: Enigma_Sage lost connection: Disconnected
[20:07:53] [Server thread/INFO]: Enigma_Sage left the game
[20:25:19] [Server thread/INFO]: ruvane3 lost connection: Disconnected
[20:25:19] [Server thread/INFO]: ruvane3 left the game
[20:25:25] [Server thread/INFO]: Stopping the server
[20:25:25] [Server thread/INFO]: Stopping server
[20:25:25] [Server thread/INFO]: Saving players
[20:25:25] [Server thread/INFO]: Saving worlds
[20:25:25] [Server thread/INFO]: Saving chunks for level 'world'/minecraft:overworld
[20:25:26] [Server thread/INFO]: ThreadedAnvilChunkStorage (world): All chunks are saved
[20:25:26] [Server thread/INFO]: Saving chunks for level 'world'/minecraft:the_nether
[20:25:26] [Server thread/INFO]: ThreadedAnvilChunkStorage (DIM-1): All chunks are saved
[20:25:26] [Server thread/INFO]: Saving chunks for level 'world'/minecraft:the_end
[20:25:26] [Server thread/INFO]: ThreadedAnvilChunkStorage (DIM1): All chunks are saved
[20:25:26] [Server thread/INFO]: ThreadedAnvilChunkStorage (world): All chunks are saved
[20:25:26] [Server thread/INFO]: ThreadedAnvilChunkStorage (DIM-1): All chunks are saved
[20:25:26] [Server thread/INFO]: ThreadedAnvilChunkStorage (DIM1): All chunks are saved
